0 info it worked if it ends with ok
1 verbose cli [ 'node', '/usr/local/bin/npm', 'install', 'pm2', '-g' ]
2 info using npm@1.4.21
3 info using node@v0.10.30
4 verbose cache add [ 'pm2', null ]
5 verbose cache add name=undefined spec="pm2" args=["pm2",null]
6 verbose parsed url { protocol: null,
6 verbose parsed url   slashes: null,
6 verbose parsed url   auth: null,
6 verbose parsed url   host: null,
6 verbose parsed url   port: null,
6 verbose parsed url   hostname: null,
6 verbose parsed url   hash: null,
6 verbose parsed url   search: null,
6 verbose parsed url   query: null,
6 verbose parsed url   pathname: 'pm2',
6 verbose parsed url   path: 'pm2',
6 verbose parsed url   href: 'pm2' }
7 silly lockFile b1fbedd8-pm2 pm2
8 verbose lock pm2 /Users/ET/.npm/b1fbedd8-pm2.lock
9 silly lockFile b1fbedd8-pm2 pm2
10 silly lockFile b1fbedd8-pm2 pm2
11 verbose addNamed [ 'pm2', '' ]
12 verbose addNamed [ null, '*' ]
13 silly lockFile d1072219-pm2 pm2@
14 verbose lock pm2@ /Users/ET/.npm/d1072219-pm2.lock
15 silly addNameRange { name: 'pm2', range: '*', hasData: false }
16 verbose request where is /pm2
17 verbose request registry https://registry.npmjs.org/
18 verbose request id 7501941bafeefa6c
19 verbose url raw /pm2
20 verbose url resolving [ 'https://registry.npmjs.org/', './pm2' ]
21 verbose url resolved https://registry.npmjs.org/pm2
22 verbose request where is https://registry.npmjs.org/pm2
23 info trying registry request attempt 1 at 13:36:47
24 verbose etag "5GWHFEN4VSAILVURMA07M28GG"
25 http GET https://registry.npmjs.org/pm2
26 http 200 https://registry.npmjs.org/pm2
27 silly registry.get cb [ 200,
27 silly registry.get   { date: 'Sat, 11 Oct 2014 05:36:51 GMT',
27 silly registry.get     server: 'CouchDB/1.5.0 (Erlang OTP/R16B03)',
27 silly registry.get     etag: '"7EUCTVR2T69PA03LDIL3MC27C"',
27 silly registry.get     'content-type': 'application/json',
27 silly registry.get     'cache-control': 'max-age=60',
27 silly registry.get     'content-length': '278742',
27 silly registry.get     'accept-ranges': 'bytes',
27 silly registry.get     via: '1.1 varnish',
27 silly registry.get     age: '177',
27 silly registry.get     'x-served-by': 'cache-ty68-TYO',
27 silly registry.get     'x-cache': 'HIT',
27 silly registry.get     'x-cache-hits': '1',
27 silly registry.get     'x-timer': 'S1413005811.360741,VS0,VE116',
27 silly registry.get     vary: 'Accept',
27 silly registry.get     'keep-alive': 'timeout=10, max=50',
27 silly registry.get     connection: 'Keep-Alive' } ]
28 silly addNameRange number 2 { name: 'pm2', range: '*', hasData: true }
29 silly addNameRange versions [ 'pm2',
29 silly addNameRange   [ '0.4.0',
29 silly addNameRange     '0.4.1',
29 silly addNameRange     '0.4.2',
29 silly addNameRange     '0.4.3',
29 silly addNameRange     '0.4.4',
29 silly addNameRange     '0.4.5',
29 silly addNameRange     '0.4.6',
29 silly addNameRange     '0.4.7',
29 silly addNameRange     '0.4.8',
29 silly addNameRange     '0.4.10',
29 silly addNameRange     '0.4.11',
29 silly addNameRange     '0.4.12',
29 silly addNameRange     '0.4.13',
29 silly addNameRange     '0.4.14',
29 silly addNameRange     '0.5.0',
29 silly addNameRange     '0.5.1',
29 silly addNameRange     '0.5.2',
29 silly addNameRange     '0.5.3',
29 silly addNameRange     '0.5.4',
29 silly addNameRange     '0.5.5',
29 silly addNameRange     '0.5.6',
29 silly addNameRange     '0.5.7',
29 silly addNameRange     '0.6.2',
29 silly addNameRange     '0.6.3',
29 silly addNameRange     '0.6.4',
29 silly addNameRange     '0.6.5',
29 silly addNameRange     '0.6.6',
29 silly addNameRange     '0.6.7',
29 silly addNameRange     '0.6.8',
29 silly addNameRange     '0.6.9',
29 silly addNameRange     '0.6.10',
29 silly addNameRange     '0.6.11',
29 silly addNameRange     '0.6.12',
29 silly addNameRange     '0.6.13',
29 silly addNameRange     '0.6.14',
29 silly addNameRange     '0.6.15',
29 silly addNameRange     '0.7.0',
29 silly addNameRange     '0.7.1',
29 silly addNameRange     '0.7.2',
29 silly addNameRange     '0.7.3',
29 silly addNameRange     '0.7.4',
29 silly addNameRange     '0.7.5',
29 silly addNameRange     '0.7.6',
29 silly addNameRange     '0.7.7',
29 silly addNameRange     '0.7.8',
29 silly addNameRange     '0.8.0',
29 silly addNameRange     '0.8.1',
29 silly addNameRange     '0.8.2',
29 silly addNameRange     '0.8.3',
29 silly addNameRange     '0.8.4',
29 silly addNameRange     '0.8.5',
29 silly addNameRange     '0.8.6',
29 silly addNameRange     '0.8.7',
29 silly addNameRange     '0.8.8',
29 silly addNameRange     '0.8.9',
29 silly addNameRange     '0.8.10',
29 silly addNameRange     '0.8.11',
29 silly addNameRange     '0.8.12',
29 silly addNameRange     '0.8.13',
29 silly addNameRange     '0.8.14',
29 silly addNameRange     '0.8.15',
29 silly addNameRange     '0.9.0',
29 silly addNameRange     '0.9.1',
29 silly addNameRange     '0.9.2',
29 silly addNameRange     '0.9.3',
29 silly addNameRange     '0.9.4',
29 silly addNameRange     '0.9.5',
29 silly addNameRange     '0.9.6',
29 silly addNameRange     '0.10.0-beta1',
29 silly addNameRange     '0.10.0-beta2',
29 silly addNameRange     '0.10.0-beta4',
29 silly addNameRange     '0.10.0-beta5',
29 silly addNameRange     '0.10.0-beta6',
29 silly addNameRange     '0.10.0-beta7',
29 silly addNameRange     '0.10.0-beta8',
29 silly addNameRange     '0.10.0-beta9',
29 silly addNameRange     '0.10.0-beta10',
29 silly addNameRange     '0.10.0-beta11',
29 silly addNameRange     '0.10.0-beta12',
29 silly addNameRange     '0.10.0-beta13',
29 silly addNameRange     '0.10.0-beta14',
29 silly addNameRange     '0.10.0-beta15',
29 silly addNameRange     '0.10.0-beta16',
29 silly addNameRange     '0.10.0-beta17',
29 silly addNameRange     '0.10.0-beta18',
29 silly addNameRange     '0.10.0-beta19',
29 silly addNameRange     '0.10.0-beta20',
29 silly addNameRange     '0.10.0-beta21',
29 silly addNameRange     '0.10.0-beta22',
29 silly addNameRange     '0.10.0-beta23',
29 silly addNameRange     '0.10.0-beta25',
29 silly addNameRange     '0.10.0',
29 silly addNameRange     '0.10.1',
29 silly addNameRange     '0.10.2',
29 silly addNameRange     '0.10.3',
29 silly addNameRange     '0.10.4',
29 silly addNameRange     '0.10.5',
29 silly addNameRange     '0.10.6',
29 silly addNameRange     '0.10.7',
29 silly addNameRange     '0.10.8',
29 silly addNameRange     '0.11.0-beta1' ] ]
30 verbose addNamed [ 'pm2', '0.10.8' ]
31 verbose addNamed [ '0.10.8', '0.10.8' ]
32 silly lockFile f71d411c-pm2-0-10-8 pm2@0.10.8
33 verbose lock pm2@0.10.8 /Users/ET/.npm/f71d411c-pm2-0-10-8.lock
34 silly lockFile f71d411c-pm2-0-10-8 pm2@0.10.8
35 silly lockFile f71d411c-pm2-0-10-8 pm2@0.10.8
36 silly lockFile d1072219-pm2 pm2@
37 silly lockFile d1072219-pm2 pm2@
38 silly resolved [ { name: 'pm2',
38 silly resolved     preferGlobal: 'true',
38 silly resolved     version: '0.10.8',
38 silly resolved     os: [ '!win32' ],
38 silly resolved     engines: { node: '>=0.10' },
38 silly resolved     directories: { bin: './bin', lib: './lib', example: './examples' },
38 silly resolved     author:
38 silly resolved      { name: 'Strzelewicz Alexandre',
38 silly resolved        email: 'as@unitech.io',
38 silly resolved        url: 'http://pm2.io' },
38 silly resolved     maintainers: [ [Object] ],
38 silly resolved     contributors:
38 silly resolved      [ [Object],
38 silly resolved        [Object],
38 silly resolved        [Object],
38 silly resolved        [Object],
38 silly resolved        [Object],
38 silly resolved        [Object],
38 silly resolved        [Object],
38 silly resolved        [Object],
38 silly resolved        [Object],
38 silly resolved        [Object] ],
38 silly resolved     homepage: 'https://github.com/Unitech/pm2',
38 silly resolved     description: 'Modern CLI process manager for Node apps with a builtin load-balancer. Perfectly designed for microservices architecture.',
38 silly resolved     main: 'index.js',
38 silly resolved     scripts:
38 silly resolved      { test: 'NODE_ENV=test bash test/index.sh && NODE_ENV=test bash test/main.sh',
38 silly resolved        preinstall: 'bash ./scripts/preinstall.sh',
38 silly resolved        postinstall: 'bash ./scripts/postinstall.sh' },
38 silly resolved     keywords:
38 silly resolved      [ 'cli',
38 silly resolved        'fault tolerant',
38 silly resolved        'sysadmin',
38 silly resolved        'tools',
38 silly resolved        'pm2',
38 silly resolved        'logs',
38 silly resolved        'log',
38 silly resolved        'json',
38 silly resolved        'express',
38 silly resolved        'hapi',
38 silly resolved        'kraken',
38 silly resolved        'reload',
38 silly resolved        'microservice',
38 silly resolved        'programmatic',
38 silly resolved        'harmony',
38 silly resolved        'node-pm2',
38 silly resolved        'production',
38 silly resolved        'keymetrics',
38 silly resolved        'deploy',
38 silly resolved        'deployment',
38 silly resolved        'daemon',
38 silly resolved        'supervisor',
38 silly resolved        'nodemon',
38 silly resolved        'pm2.io',
38 silly resolved        'ghost',
38 silly resolved        'ghost production',
38 silly resolved        'monitoring',
38 silly resolved        'process manager',
38 silly resolved        'forever',
38 silly resolved        'forever-monitor',
38 silly resolved        'keep process alive',
38 silly resolved        'process configuration',
38 silly resolved        'clustering',
38 silly resolved        'cluster cli',
38 silly resolved        'cluster',
38 silly resolved        'cron',
38 silly resolved        'devops',
38 silly resolved        'dev ops' ],
38 silly resolved     bin: { pm2: './bin/pm2' },
38 silly resolved     dependencies:
38 silly resolved      { async: '~0.9.0',
38 silly resolved        axm: '~0.1.7',
38 silly resolved        chalk: '~0.5.1',
38 silly resolved        chokidar: '0.8.4',
38 silly resolved        'cli-table': '~0.3.0',
38 silly resolved        'coffee-script': '~1.8.0',
38 silly resolved        colors: '~0.6.2',
38 silly resolved        commander: '~2.3.0',
38 silly resolved        cron: '~1.0.4',
38 silly resolved        debug: '~2.0.0',
38 silly resolved        eventemitter2: '~0.4.14',
38 silly resolved        'json-stringify-safe': '~5.0.0',
38 silly resolved        nssocket: '~0.5.1',
38 silly resolved        punt: '~2.2.0',
38 silly resolved        pidusage: '~0.1.0',
38 silly resolved        'pm2-axon': '2.0.1',
38 silly resolved        'pm2-axon-rpc': '0.3.1',
38 silly resolved        'pm2-deploy': '~0.1.0',
38 silly resolved        'pm2-interface': '~1.1.0',
38 silly resolved        'pm2-multimeter': '~0.1.2',
38 silly resolved        'pm2-rpc-fallback': '~2.8.0',
38 silly resolved        moment: '~2.8.2',
38 silly resolved        'uid-number': '~0.0.5',
38 silly resolved        'pm2-logs': '~0.1.1',
38 silly resolved        ikt: 'git+http://ikt.pm2.io/ikt.git#master' },
38 silly resolved     devDependencies:
38 silly resolved      { mocha: '^1.20.1',
38 silly resolved        should: '^4.0.0',
38 silly resolved        'better-assert': '^1.0.0',
38 silly resolved        'promise-spawner': '^0.0.3' },
38 silly resolved     optionalDependencies:
38 silly resolved      { 'pm2-logs': '~0.1.1',
38 silly resolved        ikt: 'git+http://ikt.pm2.io/ikt.git#master' },
38 silly resolved     bugs: { url: 'https://github.com/Unitech/pm2/issues' },
38 silly resolved     repository: { type: 'git', url: 'git://github.com/Unitech/pm2.git' },
38 silly resolved     license: 'AGPLv3',
38 silly resolved     _id: 'pm2@0.10.8',
38 silly resolved     _shasum: '572a6e1b394c3d7442a52d18c173251ce26feb1b',
38 silly resolved     _from: 'pm2@',
38 silly resolved     _npmVersion: '1.4.9',
38 silly resolved     _npmUser: { name: 'tknew', email: 'strzelewicz.alexandre@gmail.com' },
38 silly resolved     dist:
38 silly resolved      { shasum: '572a6e1b394c3d7442a52d18c173251ce26feb1b',
38 silly resolved        tarball: 'http://registry.npmjs.org/pm2/-/pm2-0.10.8.tgz' },
38 silly resolved     _resolved: 'https://registry.npmjs.org/pm2/-/pm2-0.10.8.tgz',
38 silly resolved     readme: 'ERROR: No README data found!' } ]
39 info install pm2@0.10.8 into /usr/local/lib
40 info installOne pm2@0.10.8
41 verbose lib/node_modules/pm2 unbuild
42 verbose tar unpack /Users/ET/.npm/pm2/0.10.8/package.tgz
43 silly lockFile a4481f10-r-usr-local-lib-node-modules-pm2 tar:///usr/local/lib/node_modules/pm2
44 verbose lock tar:///usr/local/lib/node_modules/pm2 /Users/ET/.npm/a4481f10-r-usr-local-lib-node-modules-pm2.lock
45 silly lockFile dde1f369-rs-ET-npm-pm2-0-10-8-package-tgz tar:///Users/ET/.npm/pm2/0.10.8/package.tgz
46 verbose lock tar:///Users/ET/.npm/pm2/0.10.8/package.tgz /Users/ET/.npm/dde1f369-rs-ET-npm-pm2-0-10-8-package-tgz.lock
47 silly gunzTarPerm modes [ '755', '644' ]
48 error Error: EACCES, mkdir '/usr/local/lib/node_modules/pm2'
48 error  { [Error: EACCES, mkdir '/usr/local/lib/node_modules/pm2']
48 error   errno: 3,
48 error   code: 'EACCES',
48 error   path: '/usr/local/lib/node_modules/pm2',
48 error   fstream_type: 'Directory',
48 error   fstream_path: '/usr/local/lib/node_modules/pm2',
48 error   fstream_class: 'DirWriter',
48 error   fstream_stack:
48 error    [ '/usr/local/lib/node_modules/npm/node_modules/fstream/lib/dir-writer.js:36:23',
48 error      '/usr/local/lib/node_modules/npm/node_modules/mkdirp/index.js:37:53',
48 error      'Object.oncomplete (fs.js:107:15)' ] }
49 error Please try running this command again as root/Administrator.
50 error System Darwin 13.4.0
51 error command "node" "/usr/local/bin/npm" "install" "pm2" "-g"
52 error cwd /Users/ET/Desktop/commentwall-master
53 error node -v v0.10.30
54 error npm -v 1.4.21
55 error path /usr/local/lib/node_modules/pm2
56 error fstream_path /usr/local/lib/node_modules/pm2
57 error fstream_type Directory
58 error fstream_class DirWriter
59 error code EACCES
60 error errno 3
61 error stack Error: EACCES, mkdir '/usr/local/lib/node_modules/pm2'
62 error fstream_stack /usr/local/lib/node_modules/npm/node_modules/fstream/lib/dir-writer.js:36:23
62 error fstream_stack /usr/local/lib/node_modules/npm/node_modules/mkdirp/index.js:37:53
62 error fstream_stack Object.oncomplete (fs.js:107:15)
63 verbose exit [ 3, true ]
